<?xml version="1.0" encoding="UTF-8"?>
<!-- Generated by org.testng.reporters.JUnitXMLReporter -->
<testsuite hostname="Pradeep_Computer" ignored="0" name="Test" tests="3" failures="0" timestamp="2022-06-15T19:10:01 IST" time="25.02" errors="0">
  <testcase name="test" time="11.326" classname="security.TestCase1"/>
  <testcase name="selectingsecurityuser" time="2.655" classname="security.TestCase1"/>
  <testcase name="validatingusertable" time="7.931" classname="security.TestCase1"/>
</testsuite> <!-- Test -->
