<?xml version="1.0" encoding="UTF-8"?>
<!-- Generated by org.testng.reporters.JUnitXMLReporter -->
<testsuite hostname="Pradeep_Computer" ignored="0" name="Test" tests="3" failures="0" timestamp="2022-06-16T17:17:34 IST" time="21.06" errors="0">
  <testcase name="test" time="9.708" classname="security.TestCase1"/>
  <testcase name="selectingsecurityuser" time="3.109" classname="security.TestCase1"/>
  <testcase name="validatingusertable" time="2.991" classname="security.TestCase1"/>
</testsuite> <!-- Test -->
