<?xml version="1.0" encoding="UTF-8"?>
<testng-results skipped="0" failed="0" ignored="0" total="1" passed="1">
  <reporter-output>
  </reporter-output>
  <suite name="Default suite" duration-ms="24567" started-at="2022-06-17T14:41:23 IST" finished-at="2022-06-17T14:41:48 IST">
    <groups>
    </groups>
    <test name="Default test" duration-ms="24567" started-at="2022-06-17T14:41:23 IST" finished-at="2022-06-17T14:41:48 IST">
      <class name="VerifyGUI.TestCase2">
        <test-method status="PASS" signature="initialisebrowser()[pri:0, instance:VerifyGUI.TestCase2@289d1c02]" name="initialisebrowser" is-config="true" duration-ms="5761" started-at="2022-06-17T14:41:23 IST" finished-at="2022-06-17T14:41:29 IST">
          <reporter-output>
          </reporter-output>
        </test-method> <!-- initialisebrowser -->
        <test-method status="PASS" signature="test()[pri:0, instance:VerifyGUI.TestCase2@289d1c02]" name="test" duration-ms="18539" started-at="2022-06-17T14:41:29 IST" finished-at="2022-06-17T14:41:47 IST">
          <reporter-output>
          </reporter-output>
        </test-method> <!-- test -->
        <test-method status="PASS" signature="teardown()[pri:0, instance:VerifyGUI.TestCase2@289d1c02]" name="teardown" is-config="true" duration-ms="205" started-at="2022-06-17T14:41:47 IST" finished-at="2022-06-17T14:41:48 IST">
          <reporter-output>
          </reporter-output>
        </test-method> <!-- teardown -->
      </class> <!-- VerifyGUI.TestCase2 -->
    </test> <!-- Default test -->
  </suite> <!-- Default suite -->
</testng-results>
